<?xml version="1.0" encoding="UTF-8" ?>
<testsuite errors="0" failures="0" hostname="MININT-USH7CCG" name="org.springframework.samples.petclinic.test.SeleniumTestForPC" skipped="0" tests="1" time="20.515" timestamp="2015-06-17T09:51:01">
  <properties>
    <property name="java.vendor" value="Oracle Corporation" />
    <property name="env.DEFLOGDIR" value="C:\ProgramData\McAfee\DesktopProtection" />
    <property name="sun.java.launcher" value="SUN_STANDARD" />
    <property name="eclipse.pdebuild.templates" value="/C:/StsSoftware/sts-bundle/sts-3.6.4.RELEASE/plugins/org.eclipse.pde.build_3.9.0.v20140415-2029/templates/" />
    <property name="sun.management.compiler" value="HotSpot 64-Bit Tiered Compilers" />
    <property name="env.PROMPT" value="$P$G" />
    <property name="os.name" value="Windows 7" />
    <property name="env.FP_NO_HOST_CHECK" value="NO" />
    <property name="sun.boot.class.path" value="C:\Program Files\Java\jdk1.8.0_31\jre\lib\resources.jar;C:\Program Files\Java\jdk1.8.0_31\jre\lib\rt.jar;C:\Program Files\Java\jdk1.8.0_31\jre\lib\sunrsasign.jar;C:\Program Files\Java\jdk1.8.0_31\jre\lib\jsse.jar;C:\Program Files\Java\jdk1.8.0_31\jre\lib\jce.jar;C:\Program Files\Java\jdk1.8.0_31\jre\lib\charsets.jar;C:\Program Files\Java\jdk1.8.0_31\jre\lib\jfr.jar;C:\Program Files\Java\jdk1.8.0_31\jre\classes" />
    <property name="ant.file.spring-petclinic" value="C:\project\MyLearning\Spring-petclinic\build.xml" />
    <property name="env.COMPUTERNAME" value="MININT-USH7CCG" />
    <property name="env.CommonProgramW6432" value="C:\Program Files\Common Files" />
    <property name="env.ALLUSERSPROFILE" value="C:\ProgramData" />
    <property name="sun.desktop" value="windows" />
    <property name="java.vm.specification.vendor" value="Oracle Corporation" />
    <property name="ant.home" value="C:\StsSoftware\sts-bundle\sts-3.6.4.RELEASE\plugins\org.apache.ant_1.9.2.v201404171502" />
    <property name="java.runtime.version" value="1.8.0_31-b13" />
    <property name="env.HOMEPATH" value="\Users\kumarn12" />
    <property name="user.name" value="kumarn12" />
    <property name="user.language" value="en" />
    <property name="env.windows_tracing_flags" value="3" />
    <property name="sun.boot.library.path" value="C:\Program Files\Java\jdk1.8.0_31\jre\bin" />
    <property name="ant.project.default-target" value="build" />
    <property name="ant.project.name" value="spring-petclinic" />
    <property name="java.version" value="1.8.0_31" />
    <property name="env.PROCESSOR_IDENTIFIER" value="Intel64 Family 6 Model 60 Stepping 3, GenuineIntel" />
    <property name="env.ERLANG_HOME" value="C:\Program Files\erl6.3" />
    <property name="user.timezone" value="Asia/Calcutta" />
    <property name="env.TEMP" value="C:\Users\kumarn12\AppData\Local\Temp" />
    <property name="sun.arch.data.model" value="64" />
    <property name="java.endorsed.dirs" value="C:\Program Files\Java\jdk1.8.0_31\jre\lib\endorsed" />
    <property name="ant.file.type.spring-petclinic" value="file" />
    <property name="env.VSEDEFLOGDIR" value="C:\ProgramData\McAfee\DesktopProtection" />
    <property name="sun.cpu.isalist" value="amd64" />
    <property name="env.HOMEDRIVE" value="C:" />
    <property name="sun.jnu.encoding" value="Cp1252" />
    <property name="file.encoding.pkg" value="sun.io" />
    <property name="ECLIPSE_HOME" value="../../../StsSoftware/sts-bundle/sts-3.6.4.RELEASE/" />
    <property name="file.separator" value="\" />
    <property name="java.specification.name" value="Java Platform API Specification" />
    <property name="java.class.version" value="52.0" />
    <property name="user.country" value="US" />
    <property name="java.home" value="C:\Program Files\Java\jdk1.8.0_31\jre" />
    <property name="env.PSModulePath" value="C:\windows\system32\WindowsPowerShell\v1.0\Modules\" />
    <property name="env.APPDATA" value="C:\Users\kumarn12\AppData\Roaming" />
    <property name="env.PUBLIC" value="C:\Users\Public" />
    <property name="env.windows_tracing_logfile" value="C:\BVTBin\Tests\installpackage\csilogfile.log" />
    <property name="java.vm.info" value="mixed mode" />
    <property name="env.ComSpec" value="C:\windows\system32\cmd.exe" />
    <property name="env.OS" value="Windows_NT" />
    <property name="env.CommonProgramFiles" value="C:\Program Files\Common Files" />
    <property name="ant.file" value="C:\project\MyLearning\Spring-petclinic\build.xml" />
    <property name="os.version" value="6.1" />
    <property name="env.ProgramW6432" value="C:\Program Files" />
    <property name="path.separator" value=";" />
    <property name="java.vm.version" value="25.31-b07" />
    <property name="user.variant" value="" />
    <property name="env.USERPROFILE" value="C:\Users\kumarn12" />
    <property name="ant.library.dir" value="C:\StsSoftware\sts-bundle\sts-3.6.4.RELEASE\plugins\org.apache.ant_1.9.2.v201404171502\lib" />
    <property name="junit.output.dir" value="junit" />
    <property name="env.JAVA_HOME" value="C:\Program Files\Java\jdk1.8.0_31" />
    <property name="java.awt.printerjob" value="sun.awt.windows.WPrinterJob" />
    <property name="env.TMP" value="C:\Users\kumarn12\AppData\Local\Temp" />
    <property name="sun.io.unicode.encoding" value="UnicodeLittle" />
    <property name="awt.toolkit" value="sun.awt.windows.WToolkit" />
    <property name="user.script" value="" />
    <property name="eclipse.pdebuild.scripts" value="/C:/StsSoftware/sts-bundle/sts-3.6.4.RELEASE/plugins/org.eclipse.pde.build_3.9.0.v20140415-2029/scripts/" />
    <property name="user.home" value="C:\Users\kumarn12" />
    <property name="target" value="1.8" />
    <property name="env.ProgramData" value="C:\ProgramData" />
    <property name="env.SESSIONNAME" value="Console" />
    <property name="env.ProgramFiles(x86)" value="C:\Program Files (x86)" />
    <property name="java.specification.vendor" value="Oracle Corporation" />
    <property name="env.M2_HOME" value="C:\springsoftware\maven\apache-maven-3.1.0" />
    <property name="java.vendor.url" value="http://java.oracle.com/" />
    <property name="java.library.path" value="C:\Program Files\Java\jdk1.8.0_31\jre\bin;C:\windows\Sun\Java\bin;C:\windows\system32;C:\windows;C:/Program Files/Java/jre1.8.0_31/bin/server;C:/Program Files/Java/jre1.8.0_31/bin;C:/Program Files/Java/jre1.8.0_31/lib/amd64;C:\ProgramData\Oracle\Java\javapath;C:\windows\system32;C:\windows;C:\windows\System32\Wbem;C:\windows\System32\WindowsPowerShell\v1.0\;&quot;C:\Program Files (x86)\Common Files\EMC&quot;;C:\Program Files\Java\jdk1.8.0_31\bin;C:\springsoftware\maven\apache-maven-3.1.0\bin;C:\Program Files\Intel\WiFi\bin\;C:\Program Files\Common Files\Intel\WirelessCommon\;;C:\Program Files\Intel\WiFi\bin\;C:\Program Files\Common Files\Intel\WirelessCommon\;C:\Program Files\Boot2Docker for Windows;C:\StsSoftware\sts-bundle\sts-3.6.4.RELEASE;;." />
    <property name="env.NUMBER_OF_PROCESSORS" value="8" />
    <property name="env.USERDNSDOMAIN" value="CORP.EMC.COM" />
    <property name="java.vm.vendor" value="Oracle Corporation" />
    <property name="java.runtime.name" value="Java(TM) SE Runtime Environment" />
    <property name="ant.version" value="Apache Ant(TM) version 1.9.2 compiled on July 8 2013" />
    <property name="sun.java.command" value="org.apache.tools.ant.taskdefs.optional.junit.JUnitTestRunner org.springframework.samples.petclinic.test.SeleniumTestForPC filtertrace=true haltOnError=false haltOnFailure=false formatter=org.apache.tools.ant.taskdefs.optional.junit.OutErrSummaryJUnitResultFormatter showoutput=false outputtoformatters=true logfailedtests=true logtestlistenerevents=false formatter=org.apache.tools.ant.taskdefs.optional.junit.XMLJUnitResultFormatter,C:\project\MyLearning\Spring-petclinic\junit\TEST-org.springframework.samples.petclinic.test.SeleniumTestForPC.xml crashfile=C:\project\MyLearning\Spring-petclinic\junitvmwatcher8929317208973584628.properties propsfile=C:\project\MyLearning\Spring-petclinic\junit4363066336012825251.properties" />
    <property name="java.class.path" value="C:\project\MyLearning\Spring-petclinic\target\classes;C:\project\MyLearning\Spring-petclinic\target\test-classes;C:\Users\kumarn12\.m2\repository\org\jadira\usertype\usertype.core\3.2.0.GA\usertype.core-3.2.0.GA.jar;C:\Users\kumarn12\.m2\repository\org\jadira\usertype\usertype.spi\3.2.0.GA\usertype.spi-3.2.0.GA.jar;C:\Users\kumarn12\.m2\repository\org\apache\tomcat\tomcat-servlet-api\7.0.47\tomcat-servlet-api-7.0.47.jar;C:\Users\kumarn12\.m2\repository\javax\servlet\jsp\jsp-api\2.1\jsp-api-2.1.jar;C:\Users\kumarn12\.m2\repository\org\glassfish\web\jstl-impl\1.2\jstl-impl-1.2.jar;C:\Users\kumarn12\.m2\repository\com\sun\xml\bind\jaxb-impl\2.2.7\jaxb-impl-2.2.7.jar;C:\Users\kumarn12\.m2\repository\com\sun\xml\bind\jaxb-core\2.2.7\jaxb-core-2.2.7.jar;C:\Users\kumarn12\.m2\repository\javax\xml\bind\jaxb-api\2.2.7\jaxb-api-2.2.7.jar;C:\Users\kumarn12\.m2\repository\com\sun\istack\istack-commons-runtime\2.16\istack-commons-runtime-2.16.jar;C:\Users\kumarn12\.m2\repository\com\sun\xml\fastinfoset\FastInfoset\1.2.12\FastInfoset-1.2.12.jar;C:\Users\kumarn12\.m2\repository\javax\xml\bind\jsr173_api\1.0\jsr173_api-1.0.jar;C:\Users\kumarn12\.m2\repository\com\jayway\jsonpath\json-path\2.0.0\json-path-2.0.0.jar;C:\Users\kumarn12\.m2\repository\net\minidev\json-smart\2.1.1\json-smart-2.1.1.jar;C:\Users\kumarn12\.m2\repository\net\minidev\asm\1.0.2\asm-1.0.2.jar;C:\Users\kumarn12\.m2\repository\asm\asm\3.3.1\asm-3.3.1.jar;C:\Users\kumarn12\.m2\repository\org\springframework\data\spring-data-jpa\1.8.0.RELEASE\spring-data-jpa-1.8.0.RELEASE.jar;C:\Users\kumarn12\.m2\repository\org\springframework\data\spring-data-commons\1.10.0.RELEASE\spring-data-commons-1.10.0.RELEASE.jar;C:\Users\kumarn12\.m2\repository\org\slf4j\jcl-over-slf4j\1.7.10\jcl-over-slf4j-1.7.10.jar;C:\Users\kumarn12\.m2\repository\org\springframework\spring-jdbc\4.1.6.RELEASE\spring-jdbc-4.1.6.RELEASE.jar;C:\Users\kumarn12\.m2\repository\org\springframework\spring-beans\4.1.6.RELEASE\spring-beans-4.1.6.RELEASE.jar;C:\Users\kumarn12\.m2\repository\org\springframework\spring-core\4.1.6.RELEASE\spring-core-4.1.6.RELEASE.jar;C:\Users\kumarn12\.m2\repository\org\springframework\spring-aop\4.1.6.RELEASE\spring-aop-4.1.6.RELEASE.jar;C:\Users\kumarn12\.m2\repository\aopalliance\aopalliance\1.0\aopalliance-1.0.jar;C:\Users\kumarn12\.m2\repository\org\springframework\spring-webmvc\4.1.6.RELEASE\spring-webmvc-4.1.6.RELEASE.jar;C:\Users\kumarn12\.m2\repository\org\springframework\spring-context\4.1.6.RELEASE\spring-context-4.1.6.RELEASE.jar;C:\Users\kumarn12\.m2\repository\org\springframework\spring-expression\4.1.6.RELEASE\spring-expression-4.1.6.RELEASE.jar;C:\Users\kumarn12\.m2\repository\org\springframework\spring-web\4.1.6.RELEASE\spring-web-4.1.6.RELEASE.jar;C:\Users\kumarn12\.m2\repository\org\springframework\spring-tx\4.1.6.RELEASE\spring-tx-4.1.6.RELEASE.jar;C:\Users\kumarn12\.m2\repository\org\springframework\spring-context-support\4.1.6.RELEASE\spring-context-support-4.1.6.RELEASE.jar;C:\Users\kumarn12\.m2\repository\org\springframework\spring-orm\4.1.6.RELEASE\spring-orm-4.1.6.RELEASE.jar;C:\Users\kumarn12\.m2\repository\org\springframework\spring-oxm\4.1.6.RELEASE\spring-oxm-4.1.6.RELEASE.jar;C:\Users\kumarn12\.m2\repository\org\aspectj\aspectjrt\1.8.5\aspectjrt-1.8.5.jar;C:\Users\kumarn12\.m2\repository\org\aspectj\aspectjweaver\1.8.5\aspectjweaver-1.8.5.jar;C:\Users\kumarn12\.m2\repository\org\apache\tomcat\tomcat-jdbc\7.0.42\tomcat-jdbc-7.0.42.jar;C:\Users\kumarn12\.m2\repository\org\apache\tomcat\tomcat-juli\7.0.42\tomcat-juli-7.0.42.jar;C:\Users\kumarn12\.m2\repository\org\slf4j\slf4j-api\1.7.12\slf4j-api-1.7.12.jar;C:\Users\kumarn12\.m2\repository\ch\qos\logback\logback-classic\1.1.3\logback-classic-1.1.3.jar;C:\Users\kumarn12\.m2\repository\ch\qos\logback\logback-core\1.1.3\logback-core-1.1.3.jar;C:\Users\kumarn12\.m2\repository\joda-time\joda-time\2.7\joda-time-2.7.jar;C:\Users\kumarn12\.m2\repository\joda-time\joda-time-hibernate\1.3\joda-time-hibernate-1.3.jar;C:\Users\kumarn12\.m2\repository\joda-time\joda-time-jsptags\1.1.1\joda-time-jsptags-1.1.1.jar;C:\Users\kumarn12\.m2\repository\org\hsqldb\hsqldb\2.3.2\hsqldb-2.3.2.jar;C:\Users\kumarn12\.m2\repository\mysql\mysql-connector-java\5.1.34\mysql-connector-java-5.1.34.jar;C:\Users\kumarn12\.m2\repository\org\hibernate\hibernate-entitymanager\4.3.8.Final\hibernate-entitymanager-4.3.8.Final.jar;C:\Users\kumarn12\.m2\repository\org\jboss\logging\jboss-logging\3.1.3.GA\jboss-logging-3.1.3.GA.jar;C:\Users\kumarn12\.m2\repository\org\jboss\logging\jboss-logging-annotations\1.2.0.Beta1\jboss-logging-annotations-1.2.0.Beta1.jar;C:\Users\kumarn12\.m2\repository\org\hibernate\hibernate-core\4.3.8.Final\hibernate-core-4.3.8.Final.jar;C:\Users\kumarn12\.m2\repository\antlr\antlr\2.7.7\antlr-2.7.7.jar;C:\Users\kumarn12\.m2\repository\org\jboss\jandex\1.1.0.Final\jandex-1.1.0.Final.jar;C:\Users\kumarn12\.m2\repository\dom4j\dom4j\1.6.1\dom4j-1.6.1.jar;C:\Users\kumarn12\.m2\repository\org\hibernate\common\hibernate-commons-annotations\4.0.5.Final\hibernate-commons-annotations-4.0.5.Final.jar;C:\Users\kumarn12\.m2\repository\org\hibernate\javax\persistence\hibernate-jpa-2.1-api\1.0.0.Final\hibernate-jpa-2.1-api-1.0.0.Final.jar;C:\Users\kumarn12\.m2\repository\org\jboss\spec\javax\transaction\jboss-transaction-api_1.2_spec\1.0.0.Final\jboss-transaction-api_1.2_spec-1.0.0.Final.jar;C:\Users\kumarn12\.m2\repository\org\javassist\javassist\3.18.1-GA\javassist-3.18.1-GA.jar;C:\Users\kumarn12\.m2\repository\org\hibernate\hibernate-validator\4.3.1.Final\hibernate-validator-4.3.1.Final.jar;C:\Users\kumarn12\.m2\repository\javax\validation\validation-api\1.0.0.GA\validation-api-1.0.0.GA.jar;C:\Users\kumarn12\.m2\repository\org\hibernate\hibernate-ehcache\4.3.8.Final\hibernate-ehcache-4.3.8.Final.jar;C:\Users\kumarn12\.m2\repository\net\sf\ehcache\ehcache-core\2.6.10\ehcache-core-2.6.10.jar;C:\Users\kumarn12\.m2\repository\org\webjars\bootstrap\2.3.0\bootstrap-2.3.0.jar;C:\Users\kumarn12\.m2\repository\org\webjars\jquery-ui\1.10.3\jquery-ui-1.10.3.jar;C:\Users\kumarn12\.m2\repository\org\webjars\jquery\2.0.3-1\jquery-2.0.3-1.jar;C:\Users\kumarn12\.m2\repository\org\springframework\spring-test\4.1.6.RELEASE\spring-test-4.1.6.RELEASE.jar;C:\Users\kumarn12\.m2\repository\junit\junit\4.12\junit-4.12.jar;C:\Users\kumarn12\.m2\repository\org\hamcrest\hamcrest-core\1.3\hamcrest-core-1.3.jar;C:\Users\kumarn12\.m2\repository\org\assertj\assertj-core\3.0.0\assertj-core-3.0.0.jar;C:\Users\kumarn12\.m2\repository\com\github\dandelion\datatables-core\0.10.1\datatables-core-0.10.1.jar;C:\Users\kumarn12\.m2\repository\com\github\dandelion\dandelion-core\0.10.1\dandelion-core-0.10.1.jar;C:\Users\kumarn12\.m2\repository\com\github\dandelion\datatables-servlet2\0.9.3\datatables-servlet2-0.9.3.jar;C:\Users\kumarn12\.m2\repository\com\github\dandelion\datatables-jsp\0.10.1\datatables-jsp-0.10.1.jar;C:\Users\kumarn12\.m2\repository\com\github\dandelion\dandelion-jsp\0.10.1\dandelion-jsp-0.10.1.jar;C:\Users\kumarn12\.m2\repository\com\github\dandelion\datatables-export-itext\0.10.1\datatables-export-itext-0.10.1.jar;C:\Users\kumarn12\.m2\repository\com\itextpdf\itextpdf\5.4.5\itextpdf-5.4.5.jar;C:\Users\kumarn12\.m2\repository\javax\servlet\jstl\1.2\jstl-1.2.jar;C:\Users\kumarn12\.m2\repository\javax\servlet\jsp\jstl\jstl-api\1.2\jstl-api-1.2.jar;C:\Users\kumarn12\.m2\repository\javax\servlet\servlet-api\2.5\servlet-api-2.5.jar;C:\Users\kumarn12\.m2\repository\commons-beanutils\commons-beanutils\1.9.2\commons-beanutils-1.9.2.jar;C:\Users\kumarn12\.m2\repository\commons-logging\commons-logging\1.1.1\commons-logging-1.1.1.jar;C:\Users\kumarn12\.m2\repository\commons-collections\commons-collections\3.2.1\commons-collections-3.2.1.jar;C:\Users\kumarn12\.m2\repository\com\fasterxml\jackson\core\jackson-annotations\2.5.0\jackson-annotations-2.5.0.jar;C:\Users\kumarn12\.m2\repository\com\fasterxml\jackson\core\jackson-core\2.5.0\jackson-core-2.5.0.jar;C:\Users\kumarn12\.m2\repository\com\fasterxml\jackson\core\jackson-databind\2.5.0\jackson-databind-2.5.0.jar;C:\Users\kumarn12\.m2\repository\com\googlecode\json-simple\json-simple\1.1.1\json-simple-1.1.1.jar;C:\Users\kumarn12\.m2\repository\org\seleniumhq\selenium\selenium-java\2.45.0\selenium-java-2.45.0.jar;C:\Users\kumarn12\.m2\repository\org\seleniumhq\selenium\selenium-chrome-driver\2.45.0\selenium-chrome-driver-2.45.0.jar;C:\Users\kumarn12\.m2\repository\org\seleniumhq\selenium\selenium-htmlunit-driver\2.45.0\selenium-htmlunit-driver-2.45.0.jar;C:\Users\kumarn12\.m2\repository\net\sourceforge\htmlunit\htmlunit\2.15\htmlunit-2.15.jar;C:\Users\kumarn12\.m2\repository\xalan\xalan\2.7.1\xalan-2.7.1.jar;C:\Users\kumarn12\.m2\repository\xalan\serializer\2.7.1\serializer-2.7.1.jar;C:\Users\kumarn12\.m2\repository\org\apache\commons\commons-lang3\3.3.2\commons-lang3-3.3.2.jar;C:\Users\kumarn12\.m2\repository\org\apache\httpcomponents\httpmime\4.3.3\httpmime-4.3.3.jar;C:\Users\kumarn12\.m2\repository\commons-codec\commons-codec\1.9\commons-codec-1.9.jar;C:\Users\kumarn12\.m2\repository\net\sourceforge\htmlunit\htmlunit-core-js\2.15\htmlunit-core-js-2.15.jar;C:\Users\kumarn12\.m2\repository\xerces\xercesImpl\2.11.0\xercesImpl-2.11.0.jar;C:\Users\kumarn12\.m2\repository\net\sourceforge\nekohtml\nekohtml\1.9.21\nekohtml-1.9.21.jar;C:\Users\kumarn12\.m2\repository\net\sourceforge\cssparser\cssparser\0.9.14\cssparser-0.9.14.jar;C:\Users\kumarn12\.m2\repository\org\w3c\css\sac\1.3\sac-1.3.jar;C:\Users\kumarn12\.m2\repository\org\eclipse\jetty\jetty-websocket\8.1.15.v20140411\jetty-websocket-8.1.15.v20140411.jar;C:\Users\kumarn12\.m2\repository\org\eclipse\jetty\jetty-util\8.1.15.v20140411\jetty-util-8.1.15.v20140411.jar;C:\Users\kumarn12\.m2\repository\org\eclipse\jetty\jetty-io\8.1.15.v20140411\jetty-io-8.1.15.v20140411.jar;C:\Users\kumarn12\.m2\repository\org\eclipse\jetty\jetty-http\8.1.15.v20140411\jetty-http-8.1.15.v20140411.jar;C:\Users\kumarn12\.m2\repository\org\apache\httpcomponents\httpclient\4.3.6\httpclient-4.3.6.jar;C:\Users\kumarn12\.m2\repository\org\apache\httpcomponents\httpcore\4.3.3\httpcore-4.3.3.jar;C:\Users\kumarn12\.m2\repository\org\seleniumhq\selenium\selenium-ie-driver\2.45.0\selenium-ie-driver-2.45.0.jar;C:\Users\kumarn12\.m2\repository\net\java\dev\jna\jna\3.4.0\jna-3.4.0.jar;C:\Users\kumarn12\.m2\repository\net\java\dev\jna\platform\3.4.0\platform-3.4.0.jar;C:\Users\kumarn12\.m2\repository\org\seleniumhq\selenium\selenium-safari-driver\2.45.0\selenium-safari-driver-2.45.0.jar;C:\Users\kumarn12\.m2\repository\org\seleniumhq\selenium\selenium-support\2.45.0\selenium-support-2.45.0.jar;C:\Users\kumarn12\.m2\repository\org\webbitserver\webbit\0.4.14\webbit-0.4.14.jar;C:\Users\kumarn12\.m2\repository\io\netty\netty\3.5.2.Final\netty-3.5.2.Final.jar;C:\Users\kumarn12\.m2\repository\org\seleniumhq\selenium\selenium-leg-rc\2.45.0\selenium-leg-rc-2.45.0.jar;C:\Users\kumarn12\.m2\repository\org\seleniumhq\selenium\selenium-firefox-driver\2.45.0\selenium-firefox-driver-2.45.0.jar;C:\Users\kumarn12\.m2\repository\org\seleniumhq\selenium\selenium-remote-driver\2.45.0\selenium-remote-driver-2.45.0.jar;C:\Users\kumarn12\.m2\repository\cglib\cglib-nodep\2.1_3\cglib-nodep-2.1_3.jar;C:\Users\kumarn12\.m2\repository\com\google\code\gson\gson\2.3.1\gson-2.3.1.jar;C:\Users\kumarn12\.m2\repository\org\seleniumhq\selenium\selenium-api\2.45.0\selenium-api-2.45.0.jar;C:\Users\kumarn12\.m2\repository\com\google\guava\guava\18.0\guava-18.0.jar;C:\Users\kumarn12\.m2\repository\commons-io\commons-io\2.4\commons-io-2.4.jar;C:\Users\kumarn12\.m2\repository\org\apache\commons\commons-exec\1.1\commons-exec-1.1.jar;C:\Users\kumarn12\.m2\repository\xml-apis\xml-apis\1.4.01\xml-apis-1.4.01.jar;C:\StsSoftware\sts-bundle\sts-3.6.4.RELEASE\plugins\org.junit_4.11.0.v201303080030\junit.jar;C:\StsSoftware\sts-bundle\sts-3.6.4.RELEASE\plugins\org.apache.ant_1.9.2.v201404171502\lib\ant-launcher.jar;C:\StsSoftware\sts-bundle\sts-3.6.4.RELEASE\plugins\org.apache.ant_1.9.2.v201404171502\lib\ant.jar;C:\StsSoftware\sts-bundle\sts-3.6.4.RELEASE\plugins\org.apache.ant_1.9.2.v201404171502\lib\ant-junit.jar;C:\StsSoftware\sts-bundle\sts-3.6.4.RELEASE\plugins\org.apache.ant_1.9.2.v201404171502\lib\ant-junit4.jar" />
    <property name="java.vm.specification.name" value="Java Virtual Machine Specification" />
    <property name="env.LOGONSERVER" value="\\CORPCASCV8" />
    <property name="env.windir" value="C:\windows" />
    <property name="env.PROCESSOR_ARCHITECTURE" value="AMD64" />
    <property name="java.vm.specification.version" value="1.8" />
    <property name="sun.os.patch.level" value="Service Pack 1" />
    <property name="sun.cpu.endian" value="little" />
    <property name="debuglevel" value="source,lines,vars" />
    <property name="env.ANT_HOME" value="C:\StsSoftware\sts-bundle\sts-3.6.4.RELEASE\plugins\org.apache.ant_1.9.2.v201404171502" />
    <property name="env.ProgramFiles" value="C:\Program Files" />
    <property name="java.io.tmpdir" value="C:\Users\kumarn12\AppData\Local\Temp\" />
    <property name="env.PROCESSOR_REVISION" value="3c03" />
    <property name="eclipse.pdebuild.home" value="/C:/StsSoftware/sts-bundle/sts-3.6.4.RELEASE/plugins/org.eclipse.pde.build_3.9.0.v20140415-2029/./" />
    <property name="env.UATDATA" value="C:\windows\CCM\UATData\D9F8C395-CAB8-491d-B8AC-179A1FE1BE77" />
    <property name="env.CommonProgramFiles(x86)" value="C:\Program Files (x86)\Common Files" />
    <property name="java.vendor.url.bug" value="http://bugreport.sun.com/bugreport/" />
    <property name="env.SystemRoot" value="C:\windows" />
    <property name="java.awt.graphicsenv" value="sun.awt.Win32GraphicsEnvironment" />
    <property name="os.arch" value="amd64" />
    <property name="java.ext.dirs" value="C:\Program Files\Java\jdk1.8.0_31\jre\lib\ext;C:\windows\Sun\Java\lib\ext" />
    <property name="user.dir" value="C:\project\MyLearning\Spring-petclinic" />
    <property name="env.LOCALAPPDATA" value="C:\Users\kumarn12\AppData\Local" />
    <property name="line.separator" value="&#xd;&#xa;" />
    <property name="java.vm.name" value="Java HotSpot(TM) 64-Bit Server VM" />
    <property name="env.PATHEXT" value=".COM;.EXE;.BAT;.CMD;.VBS;.VBE;.JS;.JSE;.WSF;.WSH;.MSC" />
    <property name="org.apache.tools.ant.taskdefs.optional.junit.AggregateTransformer0" value="C:\Users\kumarn12\AppData\Local\Temp\null770090718" />
    <property name="env.Path" value="C:/Program Files/Java/jre1.8.0_31/bin/server;C:/Program Files/Java/jre1.8.0_31/bin;C:/Program Files/Java/jre1.8.0_31/lib/amd64;C:\ProgramData\Oracle\Java\javapath;C:\windows\system32;C:\windows;C:\windows\System32\Wbem;C:\windows\System32\WindowsPowerShell\v1.0\;&quot;C:\Program Files (x86)\Common Files\EMC&quot;;C:\Program Files\Java\jdk1.8.0_31\bin;C:\springsoftware\maven\apache-maven-3.1.0\bin;C:\Program Files\Intel\WiFi\bin\;C:\Program Files\Common Files\Intel\WirelessCommon\;;C:\Program Files\Intel\WiFi\bin\;C:\Program Files\Common Files\Intel\WirelessCommon\;C:\Program Files\Boot2Docker for Windows;C:\StsSoftware\sts-bundle\sts-3.6.4.RELEASE;" />
    <property name="basedir" value="C:\project\MyLearning\Spring-petclinic" />
    <property name="ant.java.version" value="1.8" />
    <property name="ant.core.lib" value="C:\StsSoftware\sts-bundle\sts-3.6.4.RELEASE\plugins\org.apache.ant_1.9.2.v201404171502\lib\ant.jar" />
    <property name="env.M2" value="C:\springsoftware\maven\apache-maven-3.1.0\bin" />
    <property name="env.USERNAME" value="kumarn12" />
    <property name="source" value="1.8" />
    <property name="env.SystemDrive" value="C:" />
    <property name="file.encoding" value="Cp1252" />
    <property name="env.USERDOMAIN" value="CORP" />
    <property name="java.specification.version" value="1.8" />
    <property name="ant.project.invoked-targets" value="build,junitreport,SeleniumTestForPC" />
    <property name="env.PROCESSOR_LEVEL" value="6" />
  </properties>
  <testcase classname="org.springframework.samples.petclinic.test.SeleniumTestForPC" name="testMyseltest1" time="20.39" />
  <system-out><![CDATA[]]></system-out>
  <system-err><![CDATA[]]></system-err>
</testsuite>
